('start', 0)
('{', 0)
('define', 0)
('int', 0)
(':', 0)
('a', (5, 0))
(';', 0)
('define', 0)
('int', 0)
(':', 0)
('b', (1, 0))
(';', 0)
('define', 0)
('int', 0)
(':', 0)
('c', (2, 0))
(';', 0)
('define', 0)
('int', 0)
(':', 0)
('max', (5, 1))
(';', 0)
('read', 0)
(':', 0)
('a', (5, 0))
(';', 0)
('read', 0)
(':', 0)
('b', (1, 0))
(';', 0)
('read', 0)
(':', 0)
('c', (2, 0))
(';', 0)
('max', (5, 1))
(':', 0)
('=', 0)
('a', (5, 0))
(';', 0)
('if', 0)
('max', (5, 1))
('<', 0)
('b', (1, 0))
('then', 0)
('{', 0)
('max', (5, 1))
(':', 0)
('=', 0)
('b', (1, 0))
('}', 0)
('if', 0)
('max', (5, 1))
('<', 0)
('c', (2, 0))
('then', 0)
('{', 0)
('max', (5, 1))
(':', 0)
('=', 0)
('c', (2, 0))
('}', 0)
('display', 0)
('(', 0)
('max', (5, 1))
(')', 0)
(';', 0)
('}', 0)
('end', 0)
